{"name":"hexo","hostname":"yikes-MacBook-Pro.local","pid":15018,"level":20,"msg":"Hexo version: \u001b[35m3.2.2\u001b[39m","time":"2017-02-15T07:56:32.294Z","v":0}
{"name":"hexo","hostname":"yikes-MacBook-Pro.local","pid":15018,"level":20,"msg":"Working directory: \u001b[35m~/Desktop/my_test/blog/hexo_test/\u001b[39m","time":"2017-02-15T07:56:32.296Z","v":0}
{"name":"hexo","hostname":"yikes-MacBook-Pro.local","pid":15018,"level":20,"msg":"Config loaded: \u001b[35m~/Desktop/my_test/blog/hexo_test/_config.yml\u001b[39m","time":"2017-02-15T07:56:32.412Z","v":0}
{"name":"hexo","hostname":"yikes-MacBook-Pro.local","pid":15018,"level":20,"msg":"Plugin loaded: \u001b[35mhexo-generator-archive\u001b[39m","time":"2017-02-15T07:56:32.426Z","v":0}
{"name":"hexo","hostname":"yikes-MacBook-Pro.local","pid":15018,"level":20,"msg":"Plugin loaded: \u001b[35mhexo-generator-tag\u001b[39m","time":"2017-02-15T07:56:32.428Z","v":0}
{"name":"hexo","hostname":"yikes-MacBook-Pro.local","pid":15018,"level":20,"msg":"Plugin loaded: \u001b[35mhexo-generator-category\u001b[39m","time":"2017-02-15T07:56:32.430Z","v":0}
{"name":"hexo","hostname":"yikes-MacBook-Pro.local","pid":15018,"level":20,"msg":"Plugin loaded: \u001b[35mhexo-generator-index\u001b[39m","time":"2017-02-15T07:56:32.431Z","v":0}
{"name":"hexo","hostname":"yikes-MacBook-Pro.local","pid":15018,"level":20,"msg":"Plugin loaded: \u001b[35mhexo-renderer-stylus\u001b[39m","time":"2017-02-15T07:56:32.433Z","v":0}
{"name":"hexo","hostname":"yikes-MacBook-Pro.local","pid":15018,"level":20,"msg":"Plugin loaded: \u001b[35mhexo-renderer-ejs\u001b[39m","time":"2017-02-15T07:56:32.436Z","v":0}
{"name":"hexo","hostname":"yikes-MacBook-Pro.local","pid":15018,"level":20,"msg":"Plugin loaded: \u001b[35mhexo-server\u001b[39m","time":"2017-02-15T07:56:32.519Z","v":0}
{"name":"hexo","hostname":"yikes-MacBook-Pro.local","pid":15018,"level":20,"msg":"Plugin loaded: \u001b[35mhexo-renderer-marked\u001b[39m","time":"2017-02-15T07:56:32.523Z","v":0}
{"name":"hexo","hostname":"yikes-MacBook-Pro.local","pid":15018,"level":20,"msg":"Loading database.","time":"2017-02-15T07:56:32.531Z","v":0}
{"name":"hexo","hostname":"yikes-MacBook-Pro.local","pid":15018,"level":30,"msg":"Start processing","time":"2017-02-15T07:56:32.571Z","v":0}
{"name":"hexo","hostname":"yikes-MacBook-Pro.local","pid":15018,"level":20,"msg":"Processed: \u001b[35m_posts/hello-world.md\u001b[39m","time":"2017-02-15T07:56:32.595Z","v":0}
{"name":"hexo","hostname":"yikes-MacBook-Pro.local","pid":15018,"level":20,"msg":"Generator: \u001b[35mpage\u001b[39m","time":"2017-02-15T07:56:32.649Z","v":0}
{"name":"hexo","hostname":"yikes-MacBook-Pro.local","pid":15018,"level":20,"msg":"Generator: \u001b[35mpost\u001b[39m","time":"2017-02-15T07:56:32.649Z","v":0}
{"name":"hexo","hostname":"yikes-MacBook-Pro.local","pid":15018,"level":20,"msg":"Generator: \u001b[35marchive\u001b[39m","time":"2017-02-15T07:56:32.649Z","v":0}
{"name":"hexo","hostname":"yikes-MacBook-Pro.local","pid":15018,"level":20,"msg":"Generator: \u001b[35mtag\u001b[39m","time":"2017-02-15T07:56:32.650Z","v":0}
{"name":"hexo","hostname":"yikes-MacBook-Pro.local","pid":15018,"level":20,"msg":"Generator: \u001b[35mcategory\u001b[39m","time":"2017-02-15T07:56:32.650Z","v":0}
{"name":"hexo","hostname":"yikes-MacBook-Pro.local","pid":15018,"level":20,"msg":"Generator: \u001b[35mindex\u001b[39m","time":"2017-02-15T07:56:32.650Z","v":0}
{"name":"hexo","hostname":"yikes-MacBook-Pro.local","pid":15018,"level":20,"msg":"Generator: \u001b[35masset\u001b[39m","time":"2017-02-15T07:56:32.653Z","v":0}
{"name":"hexo","hostname":"yikes-MacBook-Pro.local","pid":15018,"level":30,"msg":"Hexo is running at \u001b[4mhttp://localhost:4000/\u001b[24m. Press Ctrl+C to stop.","time":"2017-02-15T07:56:32.659Z","v":0}
{"name":"hexo","hostname":"yikes-MacBook-Pro.local","pid":15018,"level":20,"msg":"Database saved","time":"2017-02-15T07:56:32.669Z","v":0}
{"name":"hexo","hostname":"yikes-MacBook-Pro.local","pid":15018,"level":40,"msg":"No layout: \u001b[35mindex.html\u001b[39m","time":"2017-02-15T07:56:41.725Z","v":0}
{"name":"hexo","hostname":"yikes-MacBook-Pro.local","pid":15018,"level":40,"msg":"No layout: \u001b[35mindex.html\u001b[39m","time":"2017-02-15T07:56:43.477Z","v":0}
{"name":"hexo","hostname":"yikes-MacBook-Pro.local","pid":15018,"level":30,"msg":"Farewell","time":"2017-02-15T07:57:13.617Z","v":0}
{"name":"hexo","hostname":"yikes-MacBook-Pro.local","pid":15018,"level":20,"msg":"Database saved","time":"2017-02-15T07:57:13.622Z","v":0}
